<?xml version="1.0" encoding="UTF-8"?>
<!-- Generated by org.testng.reporters.JUnitXMLReporter -->
<testsuite ignored="0" hostname="SWARAJ" failures="1" tests="1" name="FirefoxTest" time="20.447" errors="0" timestamp="2024-07-29T10:35:30 IST">
  <testcase classname="com.mystore.testcases.LoginPageTest" name="loginTest" time="3.643">
    <failure type="junit.framework.ComparisonFailure" message="expected:&amp;lt;...authentication&amp;gt; but was:&amp;lt;...my-account&amp;gt;">
      <![CDATA[junit.framework.ComparisonFailure: expected:<...authentication> but was:<...my-account>
at junit.framework.Assert.assertEquals(Assert.java:81)
at junit.framework.Assert.assertEquals(Assert.java:87)
at com.mystore.testcases.LoginPageTest.loginTest(LoginPageTest.java:50)
at java.base/java.util.ArrayList.forEach(ArrayList.java:1511)
at java.base/java.util.concurrent.FutureTask.run(FutureTask.java:264)
at java.base/java.util.concurrent.ThreadPoolExecutor.runWorker(ThreadPoolExecutor.java:1136)
at java.base/java.util.concurrent.ThreadPoolExecutor$Worker.run(ThreadPoolExecutor.java:635)
at java.base/java.lang.Thread.run(Thread.java:842)
... Removed 18 stack frames]]>
    </failure>
  </testcase> <!-- loginTest -->
</testsuite> <!-- FirefoxTest -->
